c:\users\marce\documents\hax0rstuff\timecalc\bin\release\raylib.pdb
c:\users\marce\documents\hax0rstuff\timecalc\build\build_files\obj\x64\release\raylib\raudio.nativecodeanalysis.sarif
c:\users\marce\documents\hax0rstuff\timecalc\build\build_files\obj\x64\release\raylib\raudio.nativecodeanalysis.xml
c:\users\marce\documents\hax0rstuff\timecalc\build\build_files\obj\x64\release\raylib\rcore.nativecodeanalysis.sarif
c:\users\marce\documents\hax0rstuff\timecalc\build\build_files\obj\x64\release\raylib\rcore.nativecodeanalysis.xml
c:\users\marce\documents\hax0rstuff\timecalc\build\build_files\obj\x64\release\raylib\rglfw.nativecodeanalysis.sarif
c:\users\marce\documents\hax0rstuff\timecalc\build\build_files\obj\x64\release\raylib\rglfw.nativecodeanalysis.xml
c:\users\marce\documents\hax0rstuff\timecalc\build\build_files\obj\x64\release\raylib\rmodels.nativecodeanalysis.sarif
c:\users\marce\documents\hax0rstuff\timecalc\build\build_files\obj\x64\release\raylib\rmodels.nativecodeanalysis.xml
c:\users\marce\documents\hax0rstuff\timecalc\build\build_files\obj\x64\release\raylib\rshapes.nativecodeanalysis.sarif
c:\users\marce\documents\hax0rstuff\timecalc\build\build_files\obj\x64\release\raylib\rshapes.nativecodeanalysis.xml
c:\users\marce\documents\hax0rstuff\timecalc\build\build_files\obj\x64\release\raylib\rtext.nativecodeanalysis.sarif
c:\users\marce\documents\hax0rstuff\timecalc\build\build_files\obj\x64\release\raylib\rtext.nativecodeanalysis.xml
c:\users\marce\documents\hax0rstuff\timecalc\build\build_files\obj\x64\release\raylib\rtextures.nativecodeanalysis.sarif
c:\users\marce\documents\hax0rstuff\timecalc\build\build_files\obj\x64\release\raylib\rtextures.nativecodeanalysis.xml
c:\users\marce\documents\hax0rstuff\timecalc\build\build_files\obj\x64\release\raylib\utils.nativecodeanalysis.sarif
c:\users\marce\documents\hax0rstuff\timecalc\build\build_files\obj\x64\release\raylib\utils.nativecodeanalysis.xml
c:\users\marce\documents\hax0rstuff\timecalc\build\build_files\obj\x64\release\raylib\utils.obj
c:\users\marce\documents\hax0rstuff\timecalc\build\build_files\obj\x64\release\raylib\rtextures.obj
c:\users\marce\documents\hax0rstuff\timecalc\build\build_files\obj\x64\release\raylib\rtext.obj
c:\users\marce\documents\hax0rstuff\timecalc\build\build_files\obj\x64\release\raylib\rshapes.obj
c:\users\marce\documents\hax0rstuff\timecalc\build\build_files\obj\x64\release\raylib\rmodels.obj
c:\users\marce\documents\hax0rstuff\timecalc\build\build_files\obj\x64\release\raylib\rglfw.obj
c:\users\marce\documents\hax0rstuff\timecalc\build\build_files\obj\x64\release\raylib\rcore.obj
c:\users\marce\documents\hax0rstuff\timecalc\build\build_files\obj\x64\release\raylib\raudio.obj
c:\users\marce\documents\hax0rstuff\timecalc\bin\release\raylib.lib
c:\users\marce\documents\hax0rstuff\timecalc\build\build_files\obj\x64\release\raylib\vc.nativecodeanalysis.all.xml
c:\users\marce\documents\hax0rstuff\timecalc\build\build_files\obj\x64\release\raylib\raylib.tlog\cl.command.1.tlog
c:\users\marce\documents\hax0rstuff\timecalc\build\build_files\obj\x64\release\raylib\raylib.tlog\cl.items.tlog
c:\users\marce\documents\hax0rstuff\timecalc\build\build_files\obj\x64\release\raylib\raylib.tlog\cl.read.1.tlog
c:\users\marce\documents\hax0rstuff\timecalc\build\build_files\obj\x64\release\raylib\raylib.tlog\cl.write.1.tlog
c:\users\marce\documents\hax0rstuff\timecalc\build\build_files\obj\x64\release\raylib\raylib.tlog\lib-link.read.1.tlog
c:\users\marce\documents\hax0rstuff\timecalc\build\build_files\obj\x64\release\raylib\raylib.tlog\lib-link.write.1.tlog
c:\users\marce\documents\hax0rstuff\timecalc\build\build_files\obj\x64\release\raylib\raylib.tlog\lib.command.1.tlog
