  raudio.c
  rcore.c
C:\Program Files (x86)\Windows Kits\10\Include\10.0.22621.0\shared\minwindef.h(60,1): warning C4005: 'MAX_PATH': macro redefinition
  rglfw.c
C:\Program Files (x86)\Windows Kits\10\Include\10.0.22621.0\shared\minwindef.h(130,1): warning C4005: 'APIENTRY': macro redefinition
  rmodels.c
  rshapes.c
  rtext.c
  rtextures.c
  utils.c
  Running Code Analysis for C/C++...
  Generating Code...
  raylib.vcxproj -> C:\Users\marce\Documents\Hax0rStuff\TimeCalc\bin\Release\raylib.lib
C:\Users\marce\Documents\Hax0rStuff\TimeCalc\build\external\raylib-master\src\external\miniaudio.h(19178): warning C6262: Function uses '16520' bytes of stack.  Consider moving some data to heap.
C:\Users\marce\Documents\Hax0rStuff\TimeCalc\build\external\raylib-master\src\external\miniaudio.h(52455): warning C6385: Reading invalid data from 'g_maChannelPlaneRatios'.
C:\Users\marce\Documents\Hax0rStuff\TimeCalc\build\external\raylib-master\src\external\stb_vorbis.c(1118): warning C6385: Reading invalid data from 'available'.
C:\Users\marce\Documents\Hax0rStuff\TimeCalc\build\external\raylib-master\src\external\stb_vorbis.c(1119): warning C6386: Buffer overrun while writing to 'available'.
C:\Users\marce\Documents\Hax0rStuff\TimeCalc\build\external\raylib-master\src\external\stb_vorbis.c(1548): warning C6385: Reading invalid data from 'f->segments'.
C:\Users\marce\Documents\Hax0rStuff\TimeCalc\build\external\raylib-master\src\external\stb_vorbis.c(2118): warning C6255: `_alloca` indicates failure by raising a stack overflow exception.  Consider using _malloca instead.
C:\Users\marce\Documents\Hax0rStuff\TimeCalc\build\external\raylib-master\src\external\stb_vorbis.c(2635): warning C6255: `_alloca` indicates failure by raising a stack overflow exception.  Consider using _malloca instead.
C:\Users\marce\Documents\Hax0rStuff\TimeCalc\build\external\raylib-master\src\external\stb_vorbis.c(3298): warning C6001: Using uninitialized memory 'zero_channel'.
C:\Users\marce\Documents\Hax0rStuff\TimeCalc\build\external\raylib-master\src\external\dr_mp3.h(841): warning C6385: Reading invalid data from 'g_hz'.
C:\Users\marce\Documents\Hax0rStuff\TimeCalc\build\external\raylib-master\src\external\dr_mp3.h(978): warning C6386: Buffer overrun while writing to 'sci->bitalloc'.
C:\Users\marce\Documents\Hax0rStuff\TimeCalc\build\external\raylib-master\src\external\dr_mp3.h(1502): warning C6385: Reading invalid data from 'g_pan'.
C:\Users\marce\Documents\Hax0rStuff\TimeCalc\build\external\raylib-master\src\external\dr_mp3.h(1834): warning C6001: Using uninitialized memory 't'.
C:\Users\marce\Documents\Hax0rStuff\TimeCalc\build\external\raylib-master\src\external\dr_mp3.h(2269): warning C6262: Function uses '17236' bytes of stack.  Consider moving some data to heap.
C:\Users\marce\Documents\Hax0rStuff\TimeCalc\build\external\raylib-master\src\external\dr_mp3.h(2341): warning C6386: Buffer overrun while writing to 'scratch.grbuf[0]'.
C:\Users\marce\Documents\Hax0rStuff\TimeCalc\build\external\raylib-master\src\external\dr_mp3.h(3687): warning C6262: Function uses '16440' bytes of stack.  Consider moving some data to heap.
C:\Users\marce\Documents\Hax0rStuff\TimeCalc\build\external\raylib-master\src\external\dr_mp3.h(4195): warning C6262: Function uses '16480' bytes of stack.  Consider moving some data to heap.
C:\Users\marce\Documents\Hax0rStuff\TimeCalc\build\external\raylib-master\src\external\qoaplay.c(109): warning C6386: Buffer overrun while writing to 'qoa_ctx'.
C:\Users\marce\Documents\Hax0rStuff\TimeCalc\build\external\raylib-master\src\external\qoaplay.c(109): warning C6387: 'qoa_ctx' could be '0':  this does not adhere to the specification for the function 'memset'. 
C:\Users\marce\Documents\Hax0rStuff\TimeCalc\build\external\raylib-master\src\external\qoaplay.c(111): warning C6011: Dereferencing NULL pointer 'qoa_ctx'. See line 109 for an earlier location where this can occur
C:\Users\marce\Documents\Hax0rStuff\TimeCalc\build\external\raylib-master\src\external\qoaplay.c(145): warning C6386: Buffer overrun while writing to 'qoa_ctx'.
C:\Users\marce\Documents\Hax0rStuff\TimeCalc\build\external\raylib-master\src\external\qoaplay.c(145): warning C6387: 'qoa_ctx' could be '0':  this does not adhere to the specification for the function 'memset'. 
C:\Users\marce\Documents\Hax0rStuff\TimeCalc\build\external\raylib-master\src\external\qoaplay.c(147): warning C6011: Dereferencing NULL pointer 'qoa_ctx'. See line 145 for an earlier location where this can occur
C:\Users\marce\Documents\Hax0rStuff\TimeCalc\build\external\raylib-master\src\external\qoaplay.c(151): warning C6387: 'qoa_ctx->file_data' could be '0':  this does not adhere to the specification for the function 'memcpy'. 
C:\Users\marce\Documents\Hax0rStuff\TimeCalc\build\external\raylib-master\src\external\jar_xm.h(130): warning C6011: Dereferencing NULL pointer 'musicBuffer'. 
C:\Users\marce\Documents\Hax0rStuff\TimeCalc\build\external\raylib-master\src\external\jar_xm.h(143): warning C6011: Dereferencing NULL pointer 'musicBuffer'. 
C:\Users\marce\Documents\Hax0rStuff\TimeCalc\build\external\raylib-master\src\external\jar_xm.h(549): warning C28182: Dereferencing NULL pointer. 'ctx' contains the same NULL value as 'mempool' did. 
C:\Users\marce\Documents\Hax0rStuff\TimeCalc\build\external\raylib-master\src\external\jar_xm.h(1008): warning C6297: Arithmetic overflow.  Results might not be an expected value.
C:\Users\marce\Documents\Hax0rStuff\TimeCalc\build\external\raylib-master\src\external\jar_xm.h(1012): warning C6297: Arithmetic overflow.  Results might not be an expected value.
C:\Users\marce\Documents\Hax0rStuff\TimeCalc\build\external\raylib-master\src\external\jar_xm.h(1028): warning C6297: Arithmetic overflow.  Results might not be an expected value.
C:\Users\marce\Documents\Hax0rStuff\TimeCalc\build\external\raylib-master\src\external\jar_xm.h(1032): warning C6297: Arithmetic overflow.  Results might not be an expected value.
C:\Users\marce\Documents\Hax0rStuff\TimeCalc\build\external\raylib-master\src\external\jar_xm.h(1595): warning C6011: Dereferencing NULL pointer 'ch->sample'. 
C:\Users\marce\Documents\Hax0rStuff\TimeCalc\build\external\raylib-master\src\external\jar_mod.h(1540): warning C6387: 'modctx->modfile' could be '0':  this does not adhere to the specification for the function 'memset'. 
C:\Users\marce\Documents\Hax0rStuff\TimeCalc\build\external\raylib-master\src\external\jar_mod.h(1541): warning C6387: 'modctx->modfile' could be '0':  this does not adhere to the specification for the function 'fread'. See line 1540 for an earlier location where this can occur
C:\Users\marce\Documents\Hax0rStuff\TimeCalc\build\external\raylib-master\src\raudio.c(1287): warning C6387: 'data' could be '0':  this does not adhere to the specification for the function 'memcpy'. 
C:\Users\marce\Documents\Hax0rStuff\TimeCalc\build\external\raylib-master\src\raudio.c(1309): warning C6011: Dereferencing NULL pointer 'samples'. 
C:\Users\marce\Documents\Hax0rStuff\TimeCalc\build\external\raylib-master\src\raudio.c(1342): warning C6011: Dereferencing NULL pointer 'ctxWav'. 
C:\Users\marce\Documents\Hax0rStuff\TimeCalc\build\external\raylib-master\src\raudio.c(1392): warning C6011: Dereferencing NULL pointer 'ctxMp3'. 
C:\Users\marce\Documents\Hax0rStuff\TimeCalc\build\external\raylib-master\src\raudio.c(1535): warning C6011: Dereferencing NULL pointer 'ctxWav'. 
C:\Users\marce\Documents\Hax0rStuff\TimeCalc\build\external\raylib-master\src\raudio.c(1585): warning C6011: Dereferencing NULL pointer 'ctxMp3'. 
C:\Users\marce\Documents\Hax0rStuff\TimeCalc\build\external\raylib-master\src\raudio.c(1682): warning C6011: Dereferencing NULL pointer 'newData'. 
C:\Users\marce\Documents\Hax0rStuff\TimeCalc\build\external\raylib-master\src\raudio.c(1682): warning C6386: Buffer overrun while writing to 'newData'.
C:\Users\marce\Documents\Hax0rStuff\TimeCalc\build\external\raylib-master\src\raudio.c(1687): warning C6011: Dereferencing NULL pointer 'ctxMod'. 
C:\Users\marce\Documents\Hax0rStuff\TimeCalc\build\external\raylib-master\src\raudio.c(2236): warning C6011: Dereferencing NULL pointer 'processor'. 
C:\Users\marce\Documents\Hax0rStuff\TimeCalc\build\external\raylib-master\src\raudio.c(2289): warning C6011: Dereferencing NULL pointer 'processor'. 
C:\Users\marce\Documents\Hax0rStuff\TimeCalc\build\external\raylib-master\src\rlgl.h(1224): warning C6386: Buffer overrun while writing to 'RLGL.State.stack'.
C:\Users\marce\Documents\Hax0rStuff\TimeCalc\build\external\raylib-master\src\rlgl.h(2880): warning C6001: Using uninitialized memory '*batch.vertexBuffer.vertices'.
C:\Users\marce\Documents\Hax0rStuff\TimeCalc\build\external\raylib-master\src\rlgl.h(2881): warning C6001: Using uninitialized memory '*batch.vertexBuffer.texcoords'.
C:\Users\marce\Documents\Hax0rStuff\TimeCalc\build\external\raylib-master\src\rlgl.h(2882): warning C6001: Using uninitialized memory '*batch.vertexBuffer.normals'.
C:\Users\marce\Documents\Hax0rStuff\TimeCalc\build\external\raylib-master\src\rlgl.h(2883): warning C6001: Using uninitialized memory '*batch.vertexBuffer.colors'.
C:\Users\marce\Documents\Hax0rStuff\TimeCalc\build\external\raylib-master\src\rlgl.h(2884): warning C6001: Using uninitialized memory '*batch.vertexBuffer.indices'.
C:\Users\marce\Documents\Hax0rStuff\TimeCalc\build\external\raylib-master\src\rlgl.h(3684): warning C6011: Dereferencing NULL pointer 'imgData'. 
C:\Users\marce\Documents\Hax0rStuff\TimeCalc\build\external\raylib-master\src\external\msf_gif.h(398): warning C6262: Function uses '66568' bytes of stack.  Consider moving some data to heap.
C:\Users\marce\Documents\Hax0rStuff\TimeCalc\build\external\raylib-master\src\external\msf_gif.h(589): warning C6262: Function uses '65608' bytes of stack.  Consider moving some data to heap.
C:\Users\marce\Documents\Hax0rStuff\TimeCalc\build\external\raylib-master\src\external\sdefl.h(294): warning C6385: Reading invalid data from 'cnts'.
C:\Users\marce\Documents\Hax0rStuff\TimeCalc\build\external\raylib-master\src\external\rprand.h(221): warning C6011: Dereferencing NULL pointer 'sequence'. 
C:\Users\marce\Documents\Hax0rStuff\TimeCalc\build\external\raylib-master\src\platforms\rcore_desktop_glfw.c(576): warning C6011: Dereferencing NULL pointer 'icons'. 
C:\Users\marce\Documents\Hax0rStuff\TimeCalc\build\external\raylib-master\src\platforms\rcore_desktop_glfw.c(1063): warning C6387: 'cmd' could be '0':  this does not adhere to the specification for the function 'sprintf'. 
C:\Users\marce\Documents\Hax0rStuff\TimeCalc\build\external\raylib-master\src\platforms\rcore_desktop_glfw.c(1782): warning C6387: 'CORE.Window.dropFilepaths[i]' could be '0':  this does not adhere to the specification for the function 'strcpy'. 
C:\Users\marce\Documents\Hax0rStuff\TimeCalc\build\external\raylib-master\src\external\win32_clipboard.h(289): warning C6387: 'bmpData' could be '0':  this does not adhere to the specification for the function 'memcpy'. 
C:\Users\marce\Documents\Hax0rStuff\TimeCalc\build\external\raylib-master\src\rcore.c(1941): warning C6053: The prior call to 'strncpy' might not zero-terminate string 'fileExtLower'.
C:\Users\marce\Documents\Hax0rStuff\TimeCalc\build\external\raylib-master\src\rcore.c(2325): warning C6031: Return value ignored: '_mkdir'.
C:\Users\marce\Documents\Hax0rStuff\TimeCalc\build\external\raylib-master\src\rcore.c(2332): warning C6031: Return value ignored: '_mkdir'.
C:\Users\marce\Documents\Hax0rStuff\TimeCalc\build\external\raylib-master\src\rcore.c(2546): warning C6386: Buffer overrun while writing to 'encodedData'.
C:\Users\marce\Documents\Hax0rStuff\TimeCalc\build\external\raylib-master\src\rcore.c(2588): warning C6011: Dereferencing NULL pointer 'decodedData'. 
C:\Users\marce\Documents\Hax0rStuff\TimeCalc\build\external\raylib-master\src\rcore.c(2714): warning C6387: 'msg' could be '0':  this does not adhere to the specification for the function 'memcpy'. 
C:\Users\marce\Documents\Hax0rStuff\TimeCalc\build\external\raylib-master\src\rcore.c(2715): warning C6011: Dereferencing NULL pointer 'msg'. See line 2714 for an earlier location where this can occur
C:\Users\marce\Documents\Hax0rStuff\TimeCalc\build\external\raylib-master\src\rcore.c(2761): warning C6011: Dereferencing NULL pointer 'w'. See line 2714 for an earlier location where this can occur
C:\Users\marce\Documents\Hax0rStuff\TimeCalc\build\external\raylib-master\src\rcore.c(2804): warning C6387: 'msg' could be '0':  this does not adhere to the specification for the function 'memcpy'. 
C:\Users\marce\Documents\Hax0rStuff\TimeCalc\build\external\raylib-master\src\rcore.c(2805): warning C6011: Dereferencing NULL pointer 'msg'. See line 2804 for an earlier location where this can occur
C:\Users\marce\Documents\Hax0rStuff\TimeCalc\build\external\raylib-master\src\rcore.c(2933): warning C6031: Return value ignored: 'sscanf'.
C:\Users\marce\Documents\Hax0rStuff\TimeCalc\build\external\raylib-master\src\rcore.c(2936): warning C6031: Return value ignored: 'sscanf'.
C:\Users\marce\Documents\Hax0rStuff\TimeCalc\build\external\raylib-master\src\external\glfw\src\win32_thread.c(76): warning C28125: The function 'InitializeCriticalSection' must be called from within a try/except block:  The requirement might be conditional.
C:\Users\marce\Documents\Hax0rStuff\TimeCalc\build\external\raylib-master\src\external\tinyobj_loader_c.h(473): warning C6387: 'd' could be '0':  this does not adhere to the specification for the function 'memcpy'. 
C:\Users\marce\Documents\Hax0rStuff\TimeCalc\build\external\raylib-master\src\external\tinyobj_loader_c.h(474): warning C6011: Dereferencing NULL pointer 'd'. See line 473 for an earlier location where this can occur
C:\Users\marce\Documents\Hax0rStuff\TimeCalc\build\external\raylib-master\src\external\tinyobj_loader_c.h(513): warning C6308: 'realloc' might return null pointer: assigning null pointer to '*buf', which is passed as an argument to 'realloc', will cause the original memory block to be leaked.
C:\Users\marce\Documents\Hax0rStuff\TimeCalc\build\external\raylib-master\src\external\tinyobj_loader_c.h(517): warning C28183: '*buf' could be '0', and is a copy of the value found in 'realloc()`513':  this does not adhere to the specification for the function 'strchr'. See line 514 for an earlier location where this can occur
C:\Users\marce\Documents\Hax0rStuff\TimeCalc\build\external\raylib-master\src\external\tinyobj_loader_c.h(514): warning C28182: Dereferencing NULL pointer. '*buf' contains the same NULL value as 'realloc()`513' did. 
C:\Users\marce\Documents\Hax0rStuff\TimeCalc\build\external\raylib-master\src\external\tinyobj_loader_c.h(665): warning C6308: 'realloc' might return null pointer: assigning null pointer to 'hash_table->hashes', which is passed as an argument to 'realloc', will cause the original memory block to be leaked.
C:\Users\marce\Documents\Hax0rStuff\TimeCalc\build\external\raylib-master\src\external\tinyobj_loader_c.h(721): warning C28182: Dereferencing NULL pointer. 'dst' contains the same NULL value as 'realloc()`718' did. 
C:\Users\marce\Documents\Hax0rStuff\TimeCalc\build\external\raylib-master\src\external\tinyobj_loader_c.h(1101): warning C6001: Using uninitialized memory 'f'.
C:\Users\marce\Documents\Hax0rStuff\TimeCalc\build\external\raylib-master\src\external\tinyobj_loader_c.h(1386): warning C6387: 'material_name_null_term' could be '0':  this does not adhere to the specification for the function 'memcpy'. 
C:\Users\marce\Documents\Hax0rStuff\TimeCalc\build\external\raylib-master\src\external\tinyobj_loader_c.h(1387): warning C6011: Dereferencing NULL pointer 'material_name_null_term'. See line 1386 for an earlier location where this can occur
C:\Users\marce\Documents\Hax0rStuff\TimeCalc\build\external\raylib-master\src\external\tinyobj_loader_c.h(1398): warning C6386: Buffer overrun while writing to 'attrib->vertices'.
C:\Users\marce\Documents\Hax0rStuff\TimeCalc\build\external\raylib-master\src\external\tinyobj_loader_c.h(1403): warning C6386: Buffer overrun while writing to 'attrib->normals'.
C:\Users\marce\Documents\Hax0rStuff\TimeCalc\build\external\raylib-master\src\external\tinyobj_loader_c.h(1408): warning C6386: Buffer overrun while writing to 'attrib->texcoords'.
C:\Users\marce\Documents\Hax0rStuff\TimeCalc\build\external\raylib-master\src\external\tinyobj_loader_c.h(1417): warning C6386: Buffer overrun while writing to 'attrib->faces'.
C:\Users\marce\Documents\Hax0rStuff\TimeCalc\build\external\raylib-master\src\external\tinyobj_loader_c.h(1423): warning C6386: Buffer overrun while writing to 'attrib->material_ids'.
C:\Users\marce\Documents\Hax0rStuff\TimeCalc\build\external\raylib-master\src\external\tinyobj_loader_c.h(1424): warning C6386: Buffer overrun while writing to 'attrib->face_num_verts'.
C:\Users\marce\Documents\Hax0rStuff\TimeCalc\build\external\raylib-master\src\external\tinyobj_loader_c.h(1512): warning C6011: Dereferencing NULL pointer '*shapes'. 
C:\Users\marce\Documents\Hax0rStuff\TimeCalc\build\external\raylib-master\src\external\tinyobj_loader_c.h(1566): warning C6001: Using uninitialized memory '*shapes.name'.
C:\Users\marce\Documents\Hax0rStuff\TimeCalc\build\external\raylib-master\src\external\tinyobj_loader_c.h(1579): warning C6001: Using uninitialized memory '*materials.ambient_texname'.
C:\Users\marce\Documents\Hax0rStuff\TimeCalc\build\external\raylib-master\src\external\tinyobj_loader_c.h(1580): warning C6001: Using uninitialized memory '*materials.diffuse_texname'.
C:\Users\marce\Documents\Hax0rStuff\TimeCalc\build\external\raylib-master\src\external\tinyobj_loader_c.h(1581): warning C6001: Using uninitialized memory '*materials.specular_texname'.
C:\Users\marce\Documents\Hax0rStuff\TimeCalc\build\external\raylib-master\src\external\tinyobj_loader_c.h(1583): warning C6001: Using uninitialized memory '*materials.specular_highlight_texname'.
C:\Users\marce\Documents\Hax0rStuff\TimeCalc\build\external\raylib-master\src\external\tinyobj_loader_c.h(1584): warning C6001: Using uninitialized memory '*materials.bump_texname'.
C:\Users\marce\Documents\Hax0rStuff\TimeCalc\build\external\raylib-master\src\external\tinyobj_loader_c.h(1586): warning C6001: Using uninitialized memory '*materials.displacement_texname'.
C:\Users\marce\Documents\Hax0rStuff\TimeCalc\build\external\raylib-master\src\external\tinyobj_loader_c.h(1587): warning C6001: Using uninitialized memory '*materials.alpha_texname'.
C:\Users\marce\Documents\Hax0rStuff\TimeCalc\build\external\raylib-master\src\external\vox_loader.h(178): warning C6308: 'realloc' might return null pointer: assigning null pointer to 'a->array', which is passed as an argument to 'realloc', will cause the original memory block to be leaked.
C:\Users\marce\Documents\Hax0rStuff\TimeCalc\build\external\raylib-master\src\external\vox_loader.h(180): warning C28182: Dereferencing NULL pointer. 'a->array' contains the same NULL value as 'realloc()`178' did. 
C:\Users\marce\Documents\Hax0rStuff\TimeCalc\build\external\raylib-master\src\external\vox_loader.h(207): warning C6308: 'realloc' might return null pointer: assigning null pointer to 'a->array', which is passed as an argument to 'realloc', will cause the original memory block to be leaked.
C:\Users\marce\Documents\Hax0rStuff\TimeCalc\build\external\raylib-master\src\external\vox_loader.h(209): warning C28182: Dereferencing NULL pointer. 'a->array' contains the same NULL value as 'realloc()`207' did. 
C:\Users\marce\Documents\Hax0rStuff\TimeCalc\build\external\raylib-master\src\external\vox_loader.h(235): warning C6308: 'realloc' might return null pointer: assigning null pointer to 'a->array', which is passed as an argument to 'realloc', will cause the original memory block to be leaked.
C:\Users\marce\Documents\Hax0rStuff\TimeCalc\build\external\raylib-master\src\external\vox_loader.h(237): warning C28182: Dereferencing NULL pointer. 'a->array' contains the same NULL value as 'realloc()`235' did. 
C:\Users\marce\Documents\Hax0rStuff\TimeCalc\build\external\raylib-master\src\external\vox_loader.h(340): warning C6011: Dereferencing NULL pointer 'pvoxarray->m_arrayChunks'. 
C:\Users\marce\Documents\Hax0rStuff\TimeCalc\build\external\raylib-master\src\external\vox_loader.h(340): warning C6386: Buffer overrun while writing to 'pvoxarray->m_arrayChunks'.
C:\Users\marce\Documents\Hax0rStuff\TimeCalc\build\external\raylib-master\src\external\vox_loader.h(371): warning C6387: 'chunk->m_array' could be '0':  this does not adhere to the specification for the function 'memset'. 
C:\Users\marce\Documents\Hax0rStuff\TimeCalc\build\external\raylib-master\src\external\vox_loader.h(383): warning C6011: Dereferencing NULL pointer 'chunk->m_array'. See line 371 for an earlier location where this can occur
C:\Users\marce\Documents\Hax0rStuff\TimeCalc\build\external\raylib-master\src\external\vox_loader.h(706): warning C6001: Using uninitialized memory '**voxarray.m_arrayChunks.m_array'.
C:\Users\marce\Documents\Hax0rStuff\TimeCalc\build\external\raylib-master\src\external\m3d.h(2208): warning C6308: 'realloc' might return null pointer: assigning null pointer to 'model->texture', which is passed as an argument to 'realloc', will cause the original memory block to be leaked.
C:\Users\marce\Documents\Hax0rStuff\TimeCalc\build\external\raylib-master\src\external\m3d.h(3212): warning C6308: 'realloc' might return null pointer: assigning null pointer to 'buff', which is passed as an argument to 'realloc', will cause the original memory block to be leaked.
C:\Users\marce\Documents\Hax0rStuff\TimeCalc\build\external\raylib-master\src\external\m3d.h(3304): warning C6308: 'realloc' might return null pointer: assigning null pointer to 'model->inlined', which is passed as an argument to 'realloc', will cause the original memory block to be leaked.
C:\Users\marce\Documents\Hax0rStuff\TimeCalc\build\external\raylib-master\src\external\m3d.h(3510): warning C6308: 'realloc' might return null pointer: assigning null pointer to 'model->material', which is passed as an argument to 'realloc', will cause the original memory block to be leaked.
C:\Users\marce\Documents\Hax0rStuff\TimeCalc\build\external\raylib-master\src\external\m3d.h(3562): warning C6308: 'realloc' might return null pointer: assigning null pointer to 'm->prop', which is passed as an argument to 'realloc', will cause the original memory block to be leaked.
C:\Users\marce\Documents\Hax0rStuff\TimeCalc\build\external\raylib-master\src\external\m3d.h(3628): warning C6308: 'realloc' might return null pointer: assigning null pointer to 'model->face', which is passed as an argument to 'realloc', will cause the original memory block to be leaked.
C:\Users\marce\Documents\Hax0rStuff\TimeCalc\build\external\raylib-master\src\external\m3d.h(3658): warning C6308: 'realloc' might return null pointer: assigning null pointer to 'model->face', which is passed as an argument to 'realloc', will cause the original memory block to be leaked.
C:\Users\marce\Documents\Hax0rStuff\TimeCalc\build\external\raylib-master\src\external\m3d.h(3709): warning C6308: 'realloc' might return null pointer: assigning null pointer to 'model->voxtype', which is passed as an argument to 'realloc', will cause the original memory block to be leaked.
C:\Users\marce\Documents\Hax0rStuff\TimeCalc\build\external\raylib-master\src\external\m3d.h(3722): warning C6308: 'realloc' might return null pointer: assigning null pointer to 'model->voxel', which is passed as an argument to 'realloc', will cause the original memory block to be leaked.
C:\Users\marce\Documents\Hax0rStuff\TimeCalc\build\external\raylib-master\src\external\m3d.h(3780): warning C6308: 'realloc' might return null pointer: assigning null pointer to 'model->shape', which is passed as an argument to 'realloc', will cause the original memory block to be leaked.
C:\Users\marce\Documents\Hax0rStuff\TimeCalc\build\external\raylib-master\src\external\m3d.h(3796): warning C6308: 'realloc' might return null pointer: assigning null pointer to 'h->cmd', which is passed as an argument to 'realloc', will cause the original memory block to be leaked.
C:\Users\marce\Documents\Hax0rStuff\TimeCalc\build\external\raylib-master\src\external\m3d.h(3848): warning C6308: 'realloc' might return null pointer: assigning null pointer to 'h->cmd[i].arg', which is passed as an argument to 'realloc', will cause the original memory block to be leaked.
C:\Users\marce\Documents\Hax0rStuff\TimeCalc\build\external\raylib-master\src\external\m3d.h(3873): warning C6308: 'realloc' might return null pointer: assigning null pointer to 'model->label', which is passed as an argument to 'realloc', will cause the original memory block to be leaked.
C:\Users\marce\Documents\Hax0rStuff\TimeCalc\build\external\raylib-master\src\external\m3d.h(3888): warning C6308: 'realloc' might return null pointer: assigning null pointer to 'model->action', which is passed as an argument to 'realloc', will cause the original memory block to be leaked.
C:\Users\marce\Documents\Hax0rStuff\TimeCalc\build\external\raylib-master\src\external\m3d.h(3917): warning C6308: 'realloc' might return null pointer: assigning null pointer to 'model->extra', which is passed as an argument to 'realloc', will cause the original memory block to be leaked.
C:\Users\marce\Documents\Hax0rStuff\TimeCalc\build\external\raylib-master\src\external\m3d.h(3940): warning C6308: 'realloc' might return null pointer: assigning null pointer to 'model->vertex', which is passed as an argument to 'realloc', will cause the original memory block to be leaked.
C:\Users\marce\Documents\Hax0rStuff\TimeCalc\build\external\raylib-master\src\external\m3d.h(3995): warning C6308: 'realloc' might return null pointer: assigning null pointer to 'model->vertex', which is passed as an argument to 'realloc', will cause the original memory block to be leaked.
C:\Users\marce\Documents\Hax0rStuff\TimeCalc\build\external\raylib-master\src\external\m3d.h(4053): warning C6308: 'realloc' might return null pointer: assigning null pointer to 'model->face', which is passed as an argument to 'realloc', will cause the original memory block to be leaked.
C:\Users\marce\Documents\Hax0rStuff\TimeCalc\build\external\raylib-master\src\external\m3d.h(4131): warning C6308: 'realloc' might return null pointer: assigning null pointer to 'model->vertex', which is passed as an argument to 'realloc', will cause the original memory block to be leaked.
C:\Users\marce\Documents\Hax0rStuff\TimeCalc\build\external\raylib-master\src\external\m3d.h(4163): warning C6308: 'realloc' might return null pointer: assigning null pointer to 'b->weight', which is passed as an argument to 'realloc', will cause the original memory block to be leaked.
C:\Users\marce\Documents\Hax0rStuff\TimeCalc\build\external\raylib-master\src\external\m3d.h(3237): warning C28182: Dereferencing NULL pointer. 'model->raw' contains the same NULL value as 'realloc()`3212' did. 
C:\Users\marce\Documents\Hax0rStuff\TimeCalc\build\external\raylib-master\src\external\m3d.h(4208): warning C6011: Dereferencing NULL pointer 'model'. 
C:\Users\marce\Documents\Hax0rStuff\TimeCalc\build\external\raylib-master\src\external\m3d.h(4281): warning C6308: 'realloc' might return null pointer: assigning null pointer to 'model->vertex', which is passed as an argument to 'realloc', will cause the original memory block to be leaked.
C:\Users\marce\Documents\Hax0rStuff\TimeCalc\build\external\raylib-master\src\external\m3d.h(4315): warning C6001: Using uninitialized memory '*p'.
C:\Users\marce\Documents\Hax0rStuff\TimeCalc\build\external\raylib-master\src\external\m3d.h(4486): warning C6001: Using uninitialized memory '*model->action[i].frame'.
C:\Users\marce\Documents\Hax0rStuff\TimeCalc\build\external\raylib-master\src\external\m3d.h(4486): warning C6001: Using uninitialized memory '***model.action.frame.transform'.
C:\Users\marce\Documents\Hax0rStuff\TimeCalc\build\external\raylib-master\src\external\m3d.h(4487): warning C6001: Using uninitialized memory '**model.action.frame'.
C:\Users\marce\Documents\Hax0rStuff\TimeCalc\build\external\raylib-master\src\external\par_shapes.h(331): warning C6011: Dereferencing NULL pointer 'weldmap'. 
C:\Users\marce\Documents\Hax0rStuff\TimeCalc\build\external\raylib-master\src\external\par_shapes.h(333): warning C6011: Dereferencing NULL pointer 'pdst'. 
C:\Users\marce\Documents\Hax0rStuff\TimeCalc\build\external\raylib-master\src\external\par_shapes.h(485): warning C6011: Dereferencing NULL pointer 'face'. 
C:\Users\marce\Documents\Hax0rStuff\TimeCalc\build\external\raylib-master\src\external\par_shapes.h(685): warning C6308: 'realloc' might return null pointer: assigning null pointer to 'dst->points', which is passed as an argument to 'realloc', will cause the original memory block to be leaked.
C:\Users\marce\Documents\Hax0rStuff\TimeCalc\build\external\raylib-master\src\external\par_shapes.h(689): warning C6308: 'realloc' might return null pointer: assigning null pointer to 'dst->normals', which is passed as an argument to 'realloc', will cause the original memory block to be leaked.
C:\Users\marce\Documents\Hax0rStuff\TimeCalc\build\external\raylib-master\src\external\par_shapes.h(697): warning C6308: 'realloc' might return null pointer: assigning null pointer to 'dst->tcoords', which is passed as an argument to 'realloc', will cause the original memory block to be leaked.
C:\Users\marce\Documents\Hax0rStuff\TimeCalc\build\external\raylib-master\src\external\par_shapes.h(704): warning C6308: 'realloc' might return null pointer: assigning null pointer to 'dst->triangles', which is passed as an argument to 'realloc', will cause the original memory block to be leaked.
C:\Users\marce\Documents\Hax0rStuff\TimeCalc\build\external\raylib-master\src\external\par_shapes.h(686): warning C6387: 'dst->points+3*dst->npoints' could be '0':  this does not adhere to the specification for the function 'memcpy'. 
C:\Users\marce\Documents\Hax0rStuff\TimeCalc\build\external\raylib-master\src\external\par_shapes.h(699): warning C6387: 'dst->tcoords+2*offset' could be '0':  this does not adhere to the specification for the function 'memcpy'. 
C:\Users\marce\Documents\Hax0rStuff\TimeCalc\build\external\raylib-master\src\external\par_shapes.h(708): warning C28182: Dereferencing NULL pointer. 'ptriangles' contains the same NULL value as 'realloc()`704' did. 
C:\Users\marce\Documents\Hax0rStuff\TimeCalc\build\external\raylib-master\src\external\par_shapes.h(722): warning C6011: Dereferencing NULL pointer 'points'. 
C:\Users\marce\Documents\Hax0rStuff\TimeCalc\build\external\raylib-master\src\external\par_shapes.h(736): warning C6011: Dereferencing NULL pointer 'norms'. 
C:\Users\marce\Documents\Hax0rStuff\TimeCalc\build\external\raylib-master\src\external\par_shapes.h(744): warning C6011: Dereferencing NULL pointer 'triangles'. 
C:\Users\marce\Documents\Hax0rStuff\TimeCalc\build\external\raylib-master\src\external\par_shapes.h(920): warning C6011: Dereferencing NULL pointer 'mesh'. 
C:\Users\marce\Documents\Hax0rStuff\TimeCalc\build\external\raylib-master\src\external\par_shapes.h(922): warning C6387: 'mesh->points' could be '0':  this does not adhere to the specification for the function 'memcpy'. 
C:\Users\marce\Documents\Hax0rStuff\TimeCalc\build\external\raylib-master\src\external\par_shapes.h(925): warning C6387: 'mesh->triangles' could be '0':  this does not adhere to the specification for the function 'memcpy'. 
C:\Users\marce\Documents\Hax0rStuff\TimeCalc\build\external\raylib-master\src\external\par_shapes.h(970): warning C6011: Dereferencing NULL pointer 'mesh'. 
C:\Users\marce\Documents\Hax0rStuff\TimeCalc\build\external\raylib-master\src\external\par_shapes.h(972): warning C6387: 'mesh->points' could be '0':  this does not adhere to the specification for the function 'memcpy'. 
C:\Users\marce\Documents\Hax0rStuff\TimeCalc\build\external\raylib-master\src\external\par_shapes.h(978): warning C6011: Dereferencing NULL pointer 'tris'. 
C:\Users\marce\Documents\Hax0rStuff\TimeCalc\build\external\raylib-master\src\external\par_shapes.h(1014): warning C6011: Dereferencing NULL pointer 'mesh'. 
C:\Users\marce\Documents\Hax0rStuff\TimeCalc\build\external\raylib-master\src\external\par_shapes.h(1016): warning C6387: 'mesh->points' could be '0':  this does not adhere to the specification for the function 'memcpy'. 
C:\Users\marce\Documents\Hax0rStuff\TimeCalc\build\external\raylib-master\src\external\par_shapes.h(1022): warning C6011: Dereferencing NULL pointer 'tris'. 
C:\Users\marce\Documents\Hax0rStuff\TimeCalc\build\external\raylib-master\src\external\par_shapes.h(1046): warning C6011: Dereferencing NULL pointer 'mesh'. 
C:\Users\marce\Documents\Hax0rStuff\TimeCalc\build\external\raylib-master\src\external\par_shapes.h(1048): warning C6387: 'mesh->points' could be '0':  this does not adhere to the specification for the function 'memcpy'. 
C:\Users\marce\Documents\Hax0rStuff\TimeCalc\build\external\raylib-master\src\external\par_shapes.h(1054): warning C6011: Dereferencing NULL pointer 'tris'. 
C:\Users\marce\Documents\Hax0rStuff\TimeCalc\build\external\raylib-master\src\external\par_shapes.h(1084): warning C6011: Dereferencing NULL pointer 'mesh'. 
C:\Users\marce\Documents\Hax0rStuff\TimeCalc\build\external\raylib-master\src\external\par_shapes.h(1086): warning C6387: 'mesh->points' could be '0':  this does not adhere to the specification for the function 'memcpy'. 
C:\Users\marce\Documents\Hax0rStuff\TimeCalc\build\external\raylib-master\src\external\par_shapes.h(1092): warning C6011: Dereferencing NULL pointer 'tris'. 
C:\Users\marce\Documents\Hax0rStuff\TimeCalc\build\external\raylib-master\src\external\par_shapes.h(1153): warning C6011: Dereferencing NULL pointer 'turtle'. 
C:\Users\marce\Documents\Hax0rStuff\TimeCalc\build\external\raylib-master\src\external\par_shapes.h(1189): warning C6387: 'points' could be '0':  this does not adhere to the specification for the function 'memcpy'. 
C:\Users\marce\Documents\Hax0rStuff\TimeCalc\build\external\raylib-master\src\external\par_shapes.h(1199): warning C6387: 'triangles' could be '0':  this does not adhere to the specification for the function 'memcpy'. 
C:\Users\marce\Documents\Hax0rStuff\TimeCalc\build\external\raylib-master\src\external\par_shapes.h(1321): warning C6011: Dereferencing NULL pointer 'stack'. 
C:\Users\marce\Documents\Hax0rStuff\TimeCalc\build\external\raylib-master\src\external\par_shapes.h(1421): warning C6011: Dereferencing NULL pointer 'dst'. 
C:\Users\marce\Documents\Hax0rStuff\TimeCalc\build\external\raylib-master\src\external\par_shapes.h(1432): warning C6011: Dereferencing NULL pointer 'index'. 
C:\Users\marce\Documents\Hax0rStuff\TimeCalc\build\external\raylib-master\src\external\par_shapes.h(1522): warning C6011: Dereferencing NULL pointer 'mesh->triangles'. 
C:\Users\marce\Documents\Hax0rStuff\TimeCalc\build\external\raylib-master\src\external\par_shapes.h(1561): warning C6308: 'realloc' might return null pointer: assigning null pointer to 'clone->points', which is passed as an argument to 'realloc', will cause the original memory block to be leaked.
C:\Users\marce\Documents\Hax0rStuff\TimeCalc\build\external\raylib-master\src\external\par_shapes.h(1564): warning C6308: 'realloc' might return null pointer: assigning null pointer to 'clone->triangles', which is passed as an argument to 'realloc', will cause the original memory block to be leaked.
C:\Users\marce\Documents\Hax0rStuff\TimeCalc\build\external\raylib-master\src\external\par_shapes.h(1569): warning C6308: 'realloc' might return null pointer: assigning null pointer to 'clone->normals', which is passed as an argument to 'realloc', will cause the original memory block to be leaked.
C:\Users\marce\Documents\Hax0rStuff\TimeCalc\build\external\raylib-master\src\external\par_shapes.h(1574): warning C6308: 'realloc' might return null pointer: assigning null pointer to 'clone->tcoords', which is passed as an argument to 'realloc', will cause the original memory block to be leaked.
C:\Users\marce\Documents\Hax0rStuff\TimeCalc\build\external\raylib-master\src\external\par_shapes.h(1562): warning C28183: 'clone->points' could be '0', and is a copy of the value found in 'realloc()`1561':  this does not adhere to the specification for the function 'memcpy'. 
C:\Users\marce\Documents\Hax0rStuff\TimeCalc\build\external\raylib-master\src\external\par_shapes.h(1566): warning C28183: 'clone->triangles' could be '0', and is a copy of the value found in 'realloc()`1564':  this does not adhere to the specification for the function 'memcpy'. 
C:\Users\marce\Documents\Hax0rStuff\TimeCalc\build\external\raylib-master\src\external\par_shapes.h(1575): warning C28183: 'clone->tcoords' could be '0', and is a copy of the value found in 'realloc()`1574':  this does not adhere to the specification for the function 'memcpy'. 
C:\Users\marce\Documents\Hax0rStuff\TimeCalc\build\external\raylib-master\src\external\par_shapes.h(1570): warning C28183: 'clone->normals' could be '0', and is a copy of the value found in 'realloc()`1569':  this does not adhere to the specification for the function 'memcpy'. 
C:\Users\marce\Documents\Hax0rStuff\TimeCalc\build\external\raylib-master\src\external\par_shapes.h(1629): warning C6011: Dereferencing NULL pointer 'invmap'. 
C:\Users\marce\Documents\Hax0rStuff\TimeCalc\build\external\raylib-master\src\external\par_shapes.h(1631): warning C6011: Dereferencing NULL pointer 'dstpt'. 
C:\Users\marce\Documents\Hax0rStuff\TimeCalc\build\external\raylib-master\src\external\par_shapes.h(1643): warning C6011: Dereferencing NULL pointer 'dstind'. 
C:\Users\marce\Documents\Hax0rStuff\TimeCalc\build\external\raylib-master\src\external\par_shapes.h(1649): warning C6387: 'invmap' could be '0':  this does not adhere to the specification for the function 'memcpy'. See line 1629 for an earlier location where this can occur
C:\Users\marce\Documents\Hax0rStuff\TimeCalc\build\external\raylib-master\src\external\par_shapes.h(1757): warning C6011: Dereferencing NULL pointer 'dst'. 
C:\Users\marce\Documents\Hax0rStuff\TimeCalc\build\external\raylib-master\src\external\par_shapes.h(1760): warning C6011: Dereferencing NULL pointer 'cmap'. 
C:\Users\marce\Documents\Hax0rStuff\TimeCalc\build\external\raylib-master\src\external\par_shapes.h(1767): warning C6387: 'condensed_map' could be '0':  this does not adhere to the specification for the function 'memcpy'. See line 1760 for an earlier location where this can occur
C:\Users\marce\Documents\Hax0rStuff\TimeCalc\build\external\raylib-master\src\external\par_shapes.h(1816): warning C6011: Dereferencing NULL pointer 'weldmap'. 
C:\Users\marce\Documents\Hax0rStuff\TimeCalc\build\external\raylib-master\src\external\par_shapes.h(1824): warning C6011: Dereferencing NULL pointer 'newmap'. 
C:\Users\marce\Documents\Hax0rStuff\TimeCalc\build\external\raylib-master\src\external\par_shapes.h(1824): warning C6011: Dereferencing NULL pointer 'sortmap'. 
C:\Users\marce\Documents\Hax0rStuff\TimeCalc\build\external\raylib-master\src\external\par_shapes.h(1826): warning C6387: 'newmap' could be '0':  this does not adhere to the specification for the function 'memcpy'. See line 1824 for an earlier location where this can occur
C:\Users\marce\Documents\Hax0rStuff\TimeCalc\build\external\raylib-master\src\external\par_shapes.h(1962): warning C6011: Dereferencing NULL pointer 'perm'. 
C:\Users\marce\Documents\Hax0rStuff\TimeCalc\build\external\raylib-master\src\external\par_shapes.h(1963): warning C6011: Dereferencing NULL pointer 'permGradIndex3D'. 
C:\Users\marce\Documents\Hax0rStuff\TimeCalc\build\external\raylib-master\src\external\par_shapes.h(2121): warning C6011: Dereferencing NULL pointer 'dst'. 
C:\Users\marce\Documents\Hax0rStuff\TimeCalc\build\external\raylib-master\src\rmodels.c(1173): warning C6011: Dereferencing NULL pointer 'model.meshes'. 
C:\Users\marce\Documents\Hax0rStuff\TimeCalc\build\external\raylib-master\src\rmodels.c(1202): warning C6001: Using uninitialized memory '*model.materials.maps'.
C:\Users\marce\Documents\Hax0rStuff\TimeCalc\build\external\raylib-master\src\rmodels.c(2452): warning C6011: Dereferencing NULL pointer 'vertices'. 
C:\Users\marce\Documents\Hax0rStuff\TimeCalc\build\external\raylib-master\src\rmodels.c(2460): warning C6011: Dereferencing NULL pointer 'normals'. 
C:\Users\marce\Documents\Hax0rStuff\TimeCalc\build\external\raylib-master\src\rmodels.c(2464): warning C6011: Dereferencing NULL pointer 'texcoords'. 
C:\Users\marce\Documents\Hax0rStuff\TimeCalc\build\external\raylib-master\src\rmodels.c(2555): warning C6011: Dereferencing NULL pointer 'triangles'. 
C:\Users\marce\Documents\Hax0rStuff\TimeCalc\build\external\raylib-master\src\rmodels.c(2744): warning C6200: Index '36' is out of valid index range '0' to '35' for non-stack buffer 'mesh.indices'.
C:\Users\marce\Documents\Hax0rStuff\TimeCalc\build\external\raylib-master\src\rmodels.c(2745): warning C6200: Index '37' is out of valid index range '0' to '35' for non-stack buffer 'mesh.indices'.
C:\Users\marce\Documents\Hax0rStuff\TimeCalc\build\external\raylib-master\src\rmodels.c(2746): warning C6200: Index '38' is out of valid index range '0' to '35' for non-stack buffer 'mesh.indices'.
C:\Users\marce\Documents\Hax0rStuff\TimeCalc\build\external\raylib-master\src\rmodels.c(2747): warning C6200: Index '39' is out of valid index range '0' to '35' for non-stack buffer 'mesh.indices'.
C:\Users\marce\Documents\Hax0rStuff\TimeCalc\build\external\raylib-master\src\rmodels.c(2748): warning C6200: Index '40' is out of valid index range '0' to '35' for non-stack buffer 'mesh.indices'.
C:\Users\marce\Documents\Hax0rStuff\TimeCalc\build\external\raylib-master\src\rmodels.c(2728): warning C6387: 'mesh.vertices' could be '0':  this does not adhere to the specification for the function 'memcpy'. 
C:\Users\marce\Documents\Hax0rStuff\TimeCalc\build\external\raylib-master\src\rmodels.c(2731): warning C6387: 'mesh.texcoords' could be '0':  this does not adhere to the specification for the function 'memcpy'. 
C:\Users\marce\Documents\Hax0rStuff\TimeCalc\build\external\raylib-master\src\rmodels.c(2734): warning C6387: 'mesh.normals' could be '0':  this does not adhere to the specification for the function 'memcpy'. 
C:\Users\marce\Documents\Hax0rStuff\TimeCalc\build\external\raylib-master\src\rmodels.c(4782): warning C6387: 'ijoint' could be '0':  this does not adhere to the specification for the function 'memcpy'. 
C:\Users\marce\Documents\Hax0rStuff\TimeCalc\build\external\raylib-master\src\rmodels.c(4791): warning C6011: Dereferencing NULL pointer 'ijoint'. See line 4782 for an earlier location where this can occur
C:\Users\marce\Documents\Hax0rStuff\TimeCalc\build\external\raylib-master\src\rmodels.c(4948): warning C6011: Dereferencing NULL pointer 'animations[a].bones'. 
C:\Users\marce\Documents\Hax0rStuff\TimeCalc\build\external\raylib-master\src\rmodels.c(4952): warning C6011: Dereferencing NULL pointer 'animations[a].framePoses'. 
C:\Users\marce\Documents\Hax0rStuff\TimeCalc\build\external\raylib-master\src\rmodels.c(5150): warning C6011: Dereferencing NULL pointer 'data'. 
C:\Users\marce\Documents\Hax0rStuff\TimeCalc\build\external\raylib-master\src\rmodels.c(5195): warning C6011: Dereferencing NULL pointer 'bones'. 
C:\Users\marce\Documents\Hax0rStuff\TimeCalc\build\external\raylib-master\src\rmodels.c(5776): warning C6011: Dereferencing NULL pointer 'model.bindPose'. 
C:\Users\marce\Documents\Hax0rStuff\TimeCalc\build\external\raylib-master\src\rmodels.c(6325): warning C6387: 'pvertices' could be '0':  this does not adhere to the specification for the function 'memcpy'. 
C:\Users\marce\Documents\Hax0rStuff\TimeCalc\build\external\raylib-master\src\rmodels.c(6325): warning C6387: 'pmesh->vertices' could be '0':  this does not adhere to the specification for the function 'memcpy'. 
C:\Users\marce\Documents\Hax0rStuff\TimeCalc\build\external\raylib-master\src\rmodels.c(6329): warning C6387: 'pnormals' could be '0':  this does not adhere to the specification for the function 'memcpy'. 
C:\Users\marce\Documents\Hax0rStuff\TimeCalc\build\external\raylib-master\src\rmodels.c(6329): warning C6387: 'pmesh->normals' could be '0':  this does not adhere to the specification for the function 'memcpy'. 
C:\Users\marce\Documents\Hax0rStuff\TimeCalc\build\external\raylib-master\src\rmodels.c(6341): warning C6387: 'pcolors' could be '0':  this does not adhere to the specification for the function 'memcpy'. 
C:\Users\marce\Documents\Hax0rStuff\TimeCalc\build\external\raylib-master\src\rmodels.c(6341): warning C6387: 'pmesh->colors' could be '0':  this does not adhere to the specification for the function 'memcpy'. 
C:\Users\marce\Documents\Hax0rStuff\TimeCalc\build\external\raylib-master\src\rmodels.c(6451): warning C6308: 'realloc' might return null pointer: assigning null pointer to 'model.meshes', which is passed as an argument to 'realloc', will cause the original memory block to be leaked.
C:\Users\marce\Documents\Hax0rStuff\TimeCalc\build\external\raylib-master\src\rmodels.c(6453): warning C6308: 'realloc' might return null pointer: assigning null pointer to 'model.meshMaterial', which is passed as an argument to 'realloc', will cause the original memory block to be leaked.
C:\Users\marce\Documents\Hax0rStuff\TimeCalc\build\external\raylib-master\src\rmodels.c(6673): warning C6386: Buffer overrun while writing to 'model.bones'.
C:\Users\marce\Documents\Hax0rStuff\TimeCalc\build\external\raylib-master\src\rmodels.c(6674): warning C6385: Reading invalid data from 'model.bones'.
C:\Users\marce\Documents\Hax0rStuff\TimeCalc\build\external\raylib-master\src\rmodels.c(6675): warning C6386: Buffer overrun while writing to 'model.bindPose'.
C:\Users\marce\Documents\Hax0rStuff\TimeCalc\build\external\raylib-master\src\rmodels.c(6761): warning C6011: Dereferencing NULL pointer 'animations[a].bones'. 
C:\Users\marce\Documents\Hax0rStuff\TimeCalc\build\external\raylib-master\src\rmodels.c(6781): warning C6011: Dereferencing NULL pointer 'animations[a].framePoses[i]'. 
C:\Users\marce\Documents\Hax0rStuff\TimeCalc\build\external\raylib-master\src\external\stb_truetype.h(3322): warning C6387: 'scanline' could be '0':  this does not adhere to the specification for the function 'memset'. 
C:\Users\marce\Documents\Hax0rStuff\TimeCalc\build\external\raylib-master\src\external\stb_truetype.h(3323): warning C6387: 'scanline2' could be '0':  this does not adhere to the specification for the function 'memset'. See line 3322 for an earlier location where this can occur
C:\Users\marce\Documents\Hax0rStuff\TimeCalc\build\external\raylib-master\src\external\stb_truetype.h(3368): warning C6011: Dereferencing NULL pointer 'scanline2'. See line 3322 for an earlier location where this can occur
C:\Users\marce\Documents\Hax0rStuff\TimeCalc\build\external\raylib-master\src\external\stb_truetype.h(3369): warning C6011: Dereferencing NULL pointer 'scanline'. See line 3322 for an earlier location where this can occur
C:\Users\marce\Documents\Hax0rStuff\TimeCalc\build\external\raylib-master\src\external\stb_truetype.h(4066): warning C6385: Reading invalid data from 'buffer'.
C:\Users\marce\Documents\Hax0rStuff\TimeCalc\build\external\raylib-master\src\external\stb_truetype.h(4128): warning C6385: Reading invalid data from 'buffer'.
C:\Users\marce\Documents\Hax0rStuff\TimeCalc\build\external\raylib-master\src\rtext.c(719): warning C6011: Dereferencing NULL pointer 'chars[i].image.data'. 
C:\Users\marce\Documents\Hax0rStuff\TimeCalc\build\external\raylib-master\src\rtext.c(873): warning C6011: Dereferencing NULL pointer 'rects'. 
C:\Users\marce\Documents\Hax0rStuff\TimeCalc\build\external\raylib-master\src\rtext.c(926): warning C6011: Dereferencing NULL pointer 'dataGrayAlpha'. 
C:\Users\marce\Documents\Hax0rStuff\TimeCalc\build\external\raylib-master\src\rtext.c(1625): warning C6011: Dereferencing NULL pointer 'result'. 
C:\Users\marce\Documents\Hax0rStuff\TimeCalc\build\external\raylib-master\src\rtext.c(1864): warning C6387: 'text+size' could be '0':  this does not adhere to the specification for the function 'memcpy'. 
C:\Users\marce\Documents\Hax0rStuff\TimeCalc\build\external\raylib-master\src\rtext.c(1900): warning C6308: 'realloc' might return null pointer: assigning null pointer to 'codepoints', which is passed as an argument to 'realloc', will cause the original memory block to be leaked.
C:\Users\marce\Documents\Hax0rStuff\TimeCalc\build\external\raylib-master\src\rtext.c(1895): warning C6011: Dereferencing NULL pointer 'codepoints'. 
C:\Users\marce\Documents\Hax0rStuff\TimeCalc\build\external\raylib-master\src\rtext.c(1895): warning C6386: Buffer overrun while writing to 'codepoints'.
C:\Users\marce\Documents\Hax0rStuff\TimeCalc\build\external\raylib-master\src\rtext.c(2218): warning C6387: 'searchPoint' could be '0':  this does not adhere to the specification for the function 'sscanf'. 
C:\Users\marce\Documents\Hax0rStuff\TimeCalc\build\external\raylib-master\src\rtext.c(2228): warning C6011: Dereferencing NULL pointer 'imFonts'. 
C:\Users\marce\Documents\Hax0rStuff\TimeCalc\build\external\raylib-master\src\external\stb_image.h(6963): warning C6262: Function uses '35036' bytes of stack.  Consider moving some data to heap.
C:\Users\marce\Documents\Hax0rStuff\TimeCalc\build\external\raylib-master\src\external\stb_image.h(7048): warning C6262: Function uses '34980' bytes of stack.  Consider moving some data to heap.
C:\Users\marce\Documents\Hax0rStuff\TimeCalc\build\external\raylib-master\src\external\rl_gputex.h(264): warning C6011: Dereferencing NULL pointer 'image_data'. See line 255 for an earlier location where this can occur
C:\Users\marce\Documents\Hax0rStuff\TimeCalc\build\external\raylib-master\src\external\rl_gputex.h(265): warning C6385: Reading invalid data from 'image_data'.
C:\Users\marce\Documents\Hax0rStuff\TimeCalc\build\external\raylib-master\src\external\rl_gputex.h(266): warning C6386: Buffer overrun while writing to 'image_data'.
C:\Users\marce\Documents\Hax0rStuff\TimeCalc\build\external\raylib-master\src\external\rl_gputex.h(281): warning C6387: 'image_data' could be '0':  this does not adhere to the specification for the function 'memcpy'. 
C:\Users\marce\Documents\Hax0rStuff\TimeCalc\build\external\raylib-master\src\external\stb_image_resize2.h(2255): warning C26450: Arithmetic overflow: '<<' operation causes overflow at compile time. Use a wider type to store the operands (io.1).
C:\Users\marce\Documents\Hax0rStuff\TimeCalc\build\external\raylib-master\src\external\stb_image_resize2.h(2255): warning C26454: Arithmetic overflow: '-' operation produces a negative unsigned result at compile time (io.5).
C:\Users\marce\Documents\Hax0rStuff\TimeCalc\build\external\raylib-master\src\external\stb_image_resize2.h(3338): warning C6293: Ill-defined for-loop.
C:\Users\marce\Documents\Hax0rStuff\TimeCalc\build\external\raylib-master\src\external\stb_image_resize2.h(3340): warning C6293: Ill-defined for-loop.
C:\Users\marce\Documents\Hax0rStuff\TimeCalc\build\external\raylib-master\src\external\stb_image_resize2.h(6202): warning C6001: Using uninitialized memory 'inputs'.
C:\Users\marce\Documents\Hax0rStuff\TimeCalc\build\external\raylib-master\src\external\stb_image_resize2.h(6972): warning C6385: Reading invalid data from 'stbir__compute_weights'.
C:\Users\marce\Documents\Hax0rStuff\TimeCalc\build\external\raylib-master\src\external\stb_image_resize2.h(6968): warning C33011: Unchecked upper bound for enum output_pixel_layout used as index..
C:\Users\marce\Documents\Hax0rStuff\TimeCalc\build\external\raylib-master\src\external\stb_image_resize2.h(7416): warning C33011: Unchecked upper bound for enum (info->input_pixel_layout_internal) used as index..
C:\Users\marce\Documents\Hax0rStuff\TimeCalc\build\external\raylib-master\src\external\stb_image_resize2.h(7439): warning C33011: Unchecked upper bound for enum (info->output_pixel_layout_internal) used as index..
C:\Users\marce\Documents\Hax0rStuff\TimeCalc\build\external\raylib-master\src\rtextures.c(317): warning C6387: 'image.data' could be '0':  this does not adhere to the specification for the function 'memcpy'. 
C:\Users\marce\Documents\Hax0rStuff\TimeCalc\build\external\raylib-master\src\rtextures.c(804): warning C6011: Dereferencing NULL pointer 'pixels'. 
C:\Users\marce\Documents\Hax0rStuff\TimeCalc\build\external\raylib-master\src\rtextures.c(887): warning C6011: Dereferencing NULL pointer 'pixels'. 
C:\Users\marce\Documents\Hax0rStuff\TimeCalc\build\external\raylib-master\src\rtextures.c(936): warning C6011: Dereferencing NULL pointer 'pixels'. 
C:\Users\marce\Documents\Hax0rStuff\TimeCalc\build\external\raylib-master\src\rtextures.c(963): warning C6011: Dereferencing NULL pointer 'pixels'. 
C:\Users\marce\Documents\Hax0rStuff\TimeCalc\build\external\raylib-master\src\rtextures.c(988): warning C6011: Dereferencing NULL pointer 'pixels'. 
C:\Users\marce\Documents\Hax0rStuff\TimeCalc\build\external\raylib-master\src\rtextures.c(1038): warning C6011: Dereferencing NULL pointer 'pixels'. 
C:\Users\marce\Documents\Hax0rStuff\TimeCalc\build\external\raylib-master\src\rtextures.c(1090): warning C6011: Dereferencing NULL pointer 'seeds'. 
C:\Users\marce\Documents\Hax0rStuff\TimeCalc\build\external\raylib-master\src\rtextures.c(1132): warning C6387: 'image.data' could be '0':  this does not adhere to the specification for the function 'memcpy'. 
C:\Users\marce\Documents\Hax0rStuff\TimeCalc\build\external\raylib-master\src\rtextures.c(1193): warning C6387: '(((unsigned char *)result.data))+y*(int)rec.width*bytesPerPixel' could be '0':  this does not adhere to the specification for the function 'memcpy'. 
C:\Users\marce\Documents\Hax0rStuff\TimeCalc\build\external\raylib-master\src\rtextures.c(1228): warning C6387: 'croppedData+offsetSize' could be '0':  this does not adhere to the specification for the function 'memcpy'. 
C:\Users\marce\Documents\Hax0rStuff\TimeCalc\build\external\raylib-master\src\rtextures.c(1275): warning C6011: Dereferencing NULL pointer 'image->data'. 
C:\Users\marce\Documents\Hax0rStuff\TimeCalc\build\external\raylib-master\src\rtextures.c(1729): warning C6011: Dereferencing NULL pointer 'output'. 
C:\Users\marce\Documents\Hax0rStuff\TimeCalc\build\external\raylib-master\src\rtextures.c(1851): warning C6387: 'resizedData' could be '0':  this does not adhere to the specification for the function 'memcpy'. 
C:\Users\marce\Documents\Hax0rStuff\TimeCalc\build\external\raylib-master\src\rtextures.c(2031): warning C6011: Dereferencing NULL pointer 'data'. 
C:\Users\marce\Documents\Hax0rStuff\TimeCalc\build\external\raylib-master\src\rtextures.c(2565): warning C6387: 'flippedData+offsetSize' could be '0':  this does not adhere to the specification for the function 'memcpy'. 
C:\Users\marce\Documents\Hax0rStuff\TimeCalc\build\external\raylib-master\src\rtextures.c(2595): warning C6011: Dereferencing NULL pointer 'flippedData'. 
C:\Users\marce\Documents\Hax0rStuff\TimeCalc\build\external\raylib-master\src\rtextures.c(2696): warning C6011: Dereferencing NULL pointer 'rotatedData'. 
C:\Users\marce\Documents\Hax0rStuff\TimeCalc\build\external\raylib-master\src\rtextures.c(2728): warning C6011: Dereferencing NULL pointer 'rotatedData'. 
C:\Users\marce\Documents\Hax0rStuff\TimeCalc\build\external\raylib-master\src\rtextures.c(2955): warning C6011: Dereferencing NULL pointer 'pixels'. 
C:\Users\marce\Documents\Hax0rStuff\TimeCalc\build\external\raylib-master\src\rtextures.c(3115): warning C6011: Dereferencing NULL pointer 'palette'. 
C:\Users\marce\Documents\Hax0rStuff\TimeCalc\build\external\raylib-master\src\rtextures.c(3115): warning C6386: Buffer overrun while writing to 'palette'.
C:\Users\marce\Documents\Hax0rStuff\TimeCalc\build\external\raylib-master\src\rtextures.c(5426): warning C6011: Dereferencing NULL pointer 'pixels'. 
C:\Users\marce\Documents\Hax0rStuff\TimeCalc\build\external\raylib-master\src\utils.c(378): warning C6308: 'realloc' might return null pointer: assigning null pointer to 'text', which is passed as an argument to 'realloc', will cause the original memory block to be leaked.
C:\Users\marce\Documents\Hax0rStuff\TimeCalc\build\external\raylib-master\src\utils.c(381): warning C28182: Dereferencing NULL pointer. 'text' contains the same NULL value as 'realloc()`378' did. 
