c:\users\marce\documents\hax0rstuff\timecalc\build\build_files\obj\x64\release\timecalc\vc143.pdb
c:\users\marce\documents\hax0rstuff\timecalc\build\build_files\obj\x64\release\timecalc\windowhandle.obj
c:\users\marce\documents\hax0rstuff\timecalc\build\build_files\obj\x64\release\timecalc\timecalculator.obj
c:\users\marce\documents\hax0rstuff\timecalc\build\build_files\obj\x64\release\timecalc\timecalcmode.obj
c:\users\marce\documents\hax0rstuff\timecalc\build\build_files\obj\x64\release\timecalc\textbox.obj
c:\users\marce\documents\hax0rstuff\timecalc\build\build_files\obj\x64\release\timecalc\statemachine.obj
c:\users\marce\documents\hax0rstuff\timecalc\build\build_files\obj\x64\release\timecalc\gamemode.obj
c:\users\marce\documents\hax0rstuff\timecalc\build\build_files\obj\x64\release\timecalc\eventdispatcher.obj
c:\users\marce\documents\hax0rstuff\timecalc\build\build_files\obj\x64\release\timecalc\dispatcherevent.obj
c:\users\marce\documents\hax0rstuff\timecalc\build\build_files\obj\x64\release\timecalc\main.obj
c:\users\marce\documents\hax0rstuff\timecalc\build\build_files\obj\x64\release\timecalc\gameinstance.obj
c:\users\marce\documents\hax0rstuff\timecalc\build\build_files\obj\x64\release\timecalc\tickablefactory.obj
c:\users\marce\documents\hax0rstuff\timecalc\build\build_files\obj\x64\release\timecalc\tickable.obj
c:\users\marce\documents\hax0rstuff\timecalc\build\build_files\obj\x64\release\timecalc\sandboxmode.obj
c:\users\marce\documents\hax0rstuff\timecalc\build\build_files\obj\x64\release\timecalc\ponggamemod.obj
c:\users\marce\documents\hax0rstuff\timecalc\build\build_files\obj\x64\release\timecalc\physic.obj
c:\users\marce\documents\hax0rstuff\timecalc\build\build_files\obj\x64\release\timecalc\helper.obj
c:\users\marce\documents\hax0rstuff\timecalc\build\build_files\obj\x64\release\timecalc\gravityevent.obj
c:\users\marce\documents\hax0rstuff\timecalc\build\build_files\obj\x64\release\timecalc\collisionevent.obj
c:\users\marce\documents\hax0rstuff\timecalc\build\build_files\obj\x64\release\timecalc\button.obj
c:\users\marce\documents\hax0rstuff\timecalc\build\build_files\obj\x64\release\timecalc\baseui.obj
c:\users\marce\documents\hax0rstuff\timecalc\build\build_files\obj\x64\release\timecalc\baserectangle.obj
c:\users\marce\documents\hax0rstuff\timecalc\build\build_files\obj\x64\release\timecalc\basecircle.obj
c:\users\marce\documents\hax0rstuff\timecalc\build\build_files\obj\x64\release\timecalc\uievent.obj
c:\users\marce\documents\hax0rstuff\timecalc\build\build_files\obj\x64\release\timecalc\timetrackersave.obj
c:\users\marce\documents\hax0rstuff\timecalc\build\build_files\obj\x64\release\timecalc\gamemodestate.obj
c:\users\marce\documents\hax0rstuff\timecalc\build\build_files\obj\x64\release\timecalc\savegameevent.obj
c:\users\marce\documents\hax0rstuff\timecalc\build\build_files\obj\x64\release\timecalc\loadgameevent.obj
c:\users\marce\documents\hax0rstuff\timecalc\bin\release\timecalc.exe
c:\users\marce\documents\hax0rstuff\timecalc\bin\release\timecalc.pdb
c:\users\marce\documents\hax0rstuff\timecalc\build\build_files\obj\x64\release\timecalc\timecalc1.res
c:\users\marce\documents\hax0rstuff\timecalc\build\build_files\obj\x64\release\timecalc\dispatcherevent.nativecodeanalysis.xml
c:\users\marce\documents\hax0rstuff\timecalc\build\build_files\obj\x64\release\timecalc\eventdispatcher.nativecodeanalysis.xml
c:\users\marce\documents\hax0rstuff\timecalc\build\build_files\obj\x64\release\timecalc\gamemode.nativecodeanalysis.xml
c:\users\marce\documents\hax0rstuff\timecalc\build\build_files\obj\x64\release\timecalc\statemachine.nativecodeanalysis.xml
c:\users\marce\documents\hax0rstuff\timecalc\build\build_files\obj\x64\release\timecalc\textbox.nativecodeanalysis.xml
c:\users\marce\documents\hax0rstuff\timecalc\build\build_files\obj\x64\release\timecalc\timecalcmode.nativecodeanalysis.xml
c:\users\marce\documents\hax0rstuff\timecalc\build\build_files\obj\x64\release\timecalc\timecalculator.nativecodeanalysis.xml
c:\users\marce\documents\hax0rstuff\timecalc\build\build_files\obj\x64\release\timecalc\windowhandle.nativecodeanalysis.xml
c:\users\marce\documents\hax0rstuff\timecalc\build\build_files\obj\x64\release\timecalc\timecalc.tlog\cl.command.1.tlog
c:\users\marce\documents\hax0rstuff\timecalc\build\build_files\obj\x64\release\timecalc\timecalc.tlog\cl.items.tlog
c:\users\marce\documents\hax0rstuff\timecalc\build\build_files\obj\x64\release\timecalc\timecalc.tlog\cl.read.1.tlog
c:\users\marce\documents\hax0rstuff\timecalc\build\build_files\obj\x64\release\timecalc\timecalc.tlog\cl.write.1.tlog
c:\users\marce\documents\hax0rstuff\timecalc\build\build_files\obj\x64\release\timecalc\timecalc.tlog\link.command.1.tlog
c:\users\marce\documents\hax0rstuff\timecalc\build\build_files\obj\x64\release\timecalc\timecalc.tlog\link.read.1.tlog
c:\users\marce\documents\hax0rstuff\timecalc\build\build_files\obj\x64\release\timecalc\timecalc.tlog\link.secondary.1.tlog
c:\users\marce\documents\hax0rstuff\timecalc\build\build_files\obj\x64\release\timecalc\timecalc.tlog\link.write.1.tlog
c:\users\marce\documents\hax0rstuff\timecalc\build\build_files\obj\x64\release\timecalc\timecalc.tlog\rc.command.1.tlog
c:\users\marce\documents\hax0rstuff\timecalc\build\build_files\obj\x64\release\timecalc\timecalc.tlog\rc.read.1.tlog
c:\users\marce\documents\hax0rstuff\timecalc\build\build_files\obj\x64\release\timecalc\timecalc.tlog\rc.write.1.tlog
