  main.cpp
C:\Users\marce\Documents\Hax0rStuff\TimeCalc\src\main.cpp(285,59): warning C4244: 'argument': conversion from 'float' to 'int', possible loss of data
C:\Users\marce\Documents\Hax0rStuff\TimeCalc\src\main.cpp(286,59): warning C4244: 'argument': conversion from 'float' to 'int', possible loss of data
C:\Users\marce\Documents\Hax0rStuff\TimeCalc\src\main.cpp(287,62): warning C4244: 'argument': conversion from 'float' to 'int', possible loss of data
C:\Users\marce\Documents\Hax0rStuff\TimeCalc\src\main.cpp(288,61): warning C4244: 'argument': conversion from 'float' to 'int', possible loss of data
C:\Users\marce\Documents\Hax0rStuff\TimeCalc\src\main.cpp(300,112): warning C4244: 'argument': conversion from 'float' to 'int', possible loss of data
C:\Users\marce\Documents\Hax0rStuff\TimeCalc\src\main.cpp(301,112): warning C4244: 'argument': conversion from 'float' to 'int', possible loss of data
C:\Users\marce\Documents\Hax0rStuff\TimeCalc\src\main.cpp(314,102): warning C4244: 'argument': conversion from 'float' to 'int', possible loss of data
C:\Users\marce\Documents\Hax0rStuff\TimeCalc\src\main.cpp(315,99): warning C4244: 'argument': conversion from 'float' to 'int', possible loss of data
C:\Users\marce\Documents\Hax0rStuff\TimeCalc\src\main.cpp(316,81): warning C4244: 'argument': conversion from 'float' to 'int', possible loss of data
C:\Users\marce\Documents\Hax0rStuff\TimeCalc\src\main.cpp(317,99): warning C4244: 'argument': conversion from 'float' to 'int', possible loss of data
  TextBox.cpp
C:\Users\marce\Documents\Hax0rStuff\TimeCalc\src\private\TextBox.cpp(37,22): warning C4267: '=': conversion from 'size_t' to 'int', possible loss of data
C:\Users\marce\Documents\Hax0rStuff\TimeCalc\src\private\TextBox.cpp(106,68): warning C4244: 'argument': conversion from 'float' to 'int', possible loss of data
C:\Users\marce\Documents\Hax0rStuff\TimeCalc\src\private\TextBox.cpp(106,51): warning C4244: 'argument': conversion from 'float' to 'int', possible loss of data
C:\Users\marce\Documents\Hax0rStuff\TimeCalc\src\private\TextBox.cpp(106,38): warning C4244: 'argument': conversion from 'float' to 'int', possible loss of data
C:\Users\marce\Documents\Hax0rStuff\TimeCalc\src\private\TextBox.cpp(106,25): warning C4244: 'argument': conversion from 'float' to 'int', possible loss of data
C:\Users\marce\Documents\Hax0rStuff\TimeCalc\src\private\TextBox.cpp(134,77): warning C4244: 'argument': conversion from 'float' to 'int', possible loss of data
C:\Users\marce\Documents\Hax0rStuff\TimeCalc\src\private\TextBox.cpp(134,46): warning C4244: 'argument': conversion from 'float' to 'int', possible loss of data
C:\Users\marce\Documents\Hax0rStuff\TimeCalc\src\private\TextBox.cpp(137,77): warning C4244: 'argument': conversion from 'float' to 'int', possible loss of data
C:\Users\marce\Documents\Hax0rStuff\TimeCalc\src\private\TextBox.cpp(137,46): warning C4244: 'argument': conversion from 'float' to 'int', possible loss of data
  WindowHandle.cpp
  Generating Code...
C:\Users\marce\Documents\Hax0rStuff\TimeCalc\src\main.cpp(81): warning C4715: 'TimeFormat::operator[]': not all control paths return a value
C:\Users\marce\Documents\Hax0rStuff\TimeCalc\src\main.cpp(49): warning C4715: 'TimeFormatDecimal::operator[]': not all control paths return a value
LINK : fatal error LNK1104: cannot open file 'raylib.lib'
