c:\users\marce\documents\hax0rstuff\timecalc\build\build_files\client\obj\x64\release\vc143.pdb
c:\users\marce\documents\hax0rstuff\timecalc\build\build_files\client\obj\x64\release\textbox.obj
c:\users\marce\documents\hax0rstuff\timecalc\build\build_files\client\obj\x64\release\statemachine.obj
c:\users\marce\documents\hax0rstuff\timecalc\build\build_files\client\obj\x64\release\savegameevent.obj
c:\users\marce\documents\hax0rstuff\timecalc\build\build_files\client\obj\x64\release\sandboxmode.obj
c:\users\marce\documents\hax0rstuff\timecalc\build\build_files\client\obj\x64\release\ponggamemod.obj
c:\users\marce\documents\hax0rstuff\timecalc\build\build_files\client\obj\x64\release\physic.obj
c:\users\marce\documents\hax0rstuff\timecalc\build\build_files\client\obj\x64\release\loadgameevent.obj
c:\users\marce\documents\hax0rstuff\timecalc\build\build_files\client\obj\x64\release\helper.obj
c:\users\marce\documents\hax0rstuff\timecalc\build\build_files\client\obj\x64\release\gravityevent.obj
c:\users\marce\documents\hax0rstuff\timecalc\build\build_files\client\obj\x64\release\gamemodestate.obj
c:\users\marce\documents\hax0rstuff\timecalc\build\build_files\client\obj\x64\release\gamemode.obj
c:\users\marce\documents\hax0rstuff\timecalc\build\build_files\client\obj\x64\release\gameinstance.obj
c:\users\marce\documents\hax0rstuff\timecalc\build\build_files\client\obj\x64\release\eventdispatcher.obj
c:\users\marce\documents\hax0rstuff\timecalc\build\build_files\client\obj\x64\release\dispatcherevent.obj
c:\users\marce\documents\hax0rstuff\timecalc\build\build_files\client\obj\x64\release\collisionevent.obj
c:\users\marce\documents\hax0rstuff\timecalc\build\build_files\client\obj\x64\release\button.obj
c:\users\marce\documents\hax0rstuff\timecalc\build\build_files\client\obj\x64\release\baseui.obj
c:\users\marce\documents\hax0rstuff\timecalc\build\build_files\client\obj\x64\release\baserectangle.obj
c:\users\marce\documents\hax0rstuff\timecalc\build\build_files\client\obj\x64\release\basecircle.obj
c:\users\marce\documents\hax0rstuff\timecalc\build\build_files\client\obj\x64\release\main.obj
c:\users\marce\documents\hax0rstuff\timecalc\build\build_files\client\obj\x64\release\windowhandle.obj
c:\users\marce\documents\hax0rstuff\timecalc\build\build_files\client\obj\x64\release\uievent.obj
c:\users\marce\documents\hax0rstuff\timecalc\build\build_files\client\obj\x64\release\timetrackersave.obj
c:\users\marce\documents\hax0rstuff\timecalc\build\build_files\client\obj\x64\release\timecalculator.obj
c:\users\marce\documents\hax0rstuff\timecalc\build\build_files\client\obj\x64\release\timecalcmode.obj
c:\users\marce\documents\hax0rstuff\timecalc\build\build_files\client\obj\x64\release\tickablefactory.obj
c:\users\marce\documents\hax0rstuff\timecalc\build\build_files\client\obj\x64\release\tickable.obj
c:\users\marce\documents\hax0rstuff\timecalc\build\build_files\client\obj\x64\release\chattest.obj
c:\users\marce\documents\hax0rstuff\timecalc\bin\release\timecalc.exe
c:\users\marce\documents\hax0rstuff\timecalc\bin\release\timecalc.pdb
c:\users\marce\documents\hax0rstuff\timecalc\build\build_files\client\obj\x64\release\timecalc1.res
c:\users\marce\documents\hax0rstuff\timecalc\build\build_files\client\obj\x64\release\main1.obj
c:\users\marce\documents\hax0rstuff\timecalc\build\build_files\client\obj\x64\release\timecalc.tlog\cl.command.1.tlog
c:\users\marce\documents\hax0rstuff\timecalc\build\build_files\client\obj\x64\release\timecalc.tlog\cl.items.tlog
c:\users\marce\documents\hax0rstuff\timecalc\build\build_files\client\obj\x64\release\timecalc.tlog\cl.read.1.tlog
c:\users\marce\documents\hax0rstuff\timecalc\build\build_files\client\obj\x64\release\timecalc.tlog\cl.write.1.tlog
c:\users\marce\documents\hax0rstuff\timecalc\build\build_files\client\obj\x64\release\timecalc.tlog\link.command.1.tlog
c:\users\marce\documents\hax0rstuff\timecalc\build\build_files\client\obj\x64\release\timecalc.tlog\link.read.1.tlog
c:\users\marce\documents\hax0rstuff\timecalc\build\build_files\client\obj\x64\release\timecalc.tlog\link.secondary.1.tlog
c:\users\marce\documents\hax0rstuff\timecalc\build\build_files\client\obj\x64\release\timecalc.tlog\link.write.1.tlog
c:\users\marce\documents\hax0rstuff\timecalc\build\build_files\client\obj\x64\release\timecalc.tlog\rc.command.1.tlog
c:\users\marce\documents\hax0rstuff\timecalc\build\build_files\client\obj\x64\release\timecalc.tlog\rc.read.1.tlog
c:\users\marce\documents\hax0rstuff\timecalc\build\build_files\client\obj\x64\release\timecalc.tlog\rc.write.1.tlog
